Determining if the pthread_create exist failed with the following output:
Change Dir: /home/robocup-adm/catkin_ws/src/rgbd_ros_to_lcm/build/CMakeFiles/CMakeTmp

Run Build Command:"/usr/bin/make" "cmTC_82237/fast"
/usr/bin/make -f CMakeFiles/cmTC_82237.dir/build.make CMakeFiles/cmTC_82237.dir/build
make[1]: Entering directory '/home/robocup-adm/catkin_ws/src/rgbd_ros_to_lcm/build/CMakeFiles/CMakeTmp'
Building C object CMakeFiles/cmTC_82237.dir/CheckSymbolExists.c.o
/usr/bin/cc    -o CMakeFiles/cmTC_82237.dir/CheckSymbolExists.c.o   -c /home/robocup-adm/catkin_ws/src/rgbd_ros_to_lcm/build/CMakeFiles/CMakeTmp/CheckSymbolExists.c
Linking C executable cmTC_82237
/usr/bin/cmake -E cmake_link_script CMakeFiles/cmTC_82237.dir/link.txt --verbose=1
/usr/bin/cc      CMakeFiles/cmTC_82237.dir/CheckSymbolExists.c.o  -o cmTC_82237 
CMakeFiles/cmTC_82237.dir/CheckSymbolExists.c.o: In function `main':
CheckSymbolExists.c:(.text+0x1b): undefined reference to `pthread_create'
collect2: error: ld returned 1 exit status
CMakeFiles/cmTC_82237.dir/build.make:97: recipe for target 'cmTC_82237' failed
make[1]: *** [cmTC_82237] Error 1
make[1]: Leaving directory '/home/robocup-adm/catkin_ws/src/rgbd_ros_to_lcm/build/CMakeFiles/CMakeTmp'
Makefile:126: recipe for target 'cmTC_82237/fast' failed
make: *** [cmTC_82237/fast] Error 2

File /home/robocup-adm/catkin_ws/src/rgbd_ros_to_lcm/build/CMakeFiles/CMakeTmp/CheckSymbolExists.c:
/* */
#include <pthread.h>

int main(int argc, char** argv)
{
  (void)argv;
#ifndef pthread_create
  return ((int*)(&pthread_create))[argc];
#else
  (void)argc;
  return 0;
#endif
}

Determining if the function pthread_create exists in the pthreads failed with the following output:
Change Dir: /home/robocup-adm/catkin_ws/src/rgbd_ros_to_lcm/build/CMakeFiles/CMakeTmp

Run Build Command:"/usr/bin/make" "cmTC_4542e/fast"
/usr/bin/make -f CMakeFiles/cmTC_4542e.dir/build.make CMakeFiles/cmTC_4542e.dir/build
make[1]: Entering directory '/home/robocup-adm/catkin_ws/src/rgbd_ros_to_lcm/build/CMakeFiles/CMakeTmp'
Building C object CMakeFiles/cmTC_4542e.dir/CheckFunctionExists.c.o
/usr/bin/cc   -DCHECK_FUNCTION_EXISTS=pthread_create   -o CMakeFiles/cmTC_4542e.dir/CheckFunctionExists.c.o   -c /usr/share/cmake-3.10/Modules/CheckFunctionExists.c
Linking C executable cmTC_4542e
/usr/bin/cmake -E cmake_link_script CMakeFiles/cmTC_4542e.dir/link.txt --verbose=1
/usr/bin/cc  -DCHECK_FUNCTION_EXISTS=pthread_create    CMakeFiles/cmTC_4542e.dir/CheckFunctionExists.c.o  -o cmTC_4542e -lpthreads 
/usr/bin/ld: cannot find -lpthreads
collect2: error: ld returned 1 exit status
CMakeFiles/cmTC_4542e.dir/build.make:97: recipe for target 'cmTC_4542e' failed
make[1]: *** [cmTC_4542e] Error 1
make[1]: Leaving directory '/home/robocup-adm/catkin_ws/src/rgbd_ros_to_lcm/build/CMakeFiles/CMakeTmp'
Makefile:126: recipe for target 'cmTC_4542e/fast' failed
make: *** [cmTC_4542e/fast] Error 2


